<?xml version="1.0" encoding="UTF-8"?>
<!-- Generated by org.testng.reporters.JUnitXMLReporter -->
<testsuite ignored="1" hostname="DESKTOP-7LN5Q0L" failures="1" tests="1" name="Default test(failed)" time="0.111" errors="0" timestamp="2023-04-26T12:50:31 IST">
  <testcase classname="Exp_TestNG.secondin_TestNG" name="third" time="0.021">
    <failure type="java.lang.Error" message="Unresolved compilation problem: 
	Syntax error, insert &amp;quot;;&amp;quot; to complete BlockStatements
">
      <![CDATA[java.lang.Error: Unresolved compilation problem: 
Syntax error, insert ";" to complete BlockStatements

at Exp_TestNG.secondin_TestNG.third(secondin_TestNG.java:22)
at java.base/java.util.ArrayList.forEach(ArrayList.java:1511)
... Removed 25 stack frames]]>
    </failure>
  </testcase> <!-- third -->
  <testcase classname="Exp_TestNG.secondin_TestNG" name="second" time="0.0">
    <ignored/>
  </testcase> <!-- second -->
</testsuite> <!-- Default test(failed) -->
