<?xml version="1.0" encoding="UTF-8"?>
<!-- Generated by org.testng.reporters.JUnitXMLReporter -->
<testsuite ignored="0" hostname="DESKTOP-7LN5Q0L" failures="0" tests="3" name="Nopackage" time="78.408" errors="0" timestamp="2023-05-11T12:35:04 IST">
  <testcase classname="com.hrms.testscripts.TC001" name="tc001" time="41.247"/>
  <testcase classname="com.hrms.testscripts.TC002_addEmp" name="tc002" time="17.851"/>
  <testcase classname="com.hrms.testscripts.TC003_DltEmp" name="tc003" time="19.175"/>
</testsuite> <!-- Nopackage -->
